[35m[1mConsolidate compiler generated dependencies of target decision_node[0m
[ 20%] [32mBuilding CXX object CMakeFiles/decision_node.dir/src/decision_node.cpp.o[0m
[ 80%] Built target fusion_node
[100%] [32m[1mLinking CXX executable decision_node[0m
[100%] Built target decision_node
-- Install configuration: ""
-- Up-to-date: /home/omkar5400/adas_ws/install/perception_fusion/lib/perception_fusion/fusion_node
-- Installing: /home/omkar5400/adas_ws/install/perception_fusion/lib/perception_fusion/decision_node
-- Set runtime path of "/home/omkar5400/adas_ws/install/perception_fusion/lib/perception_fusion/decision_node" to ""
-- Up-to-date: /home/omkar5400/adas_ws/install/perception_fusion/share/ament_index/resource_index/package_run_dependencies/perception_fusion
-- Up-to-date: /home/omkar5400/adas_ws/install/perception_fusion/share/ament_index/resource_index/parent_prefix_path/perception_fusion
-- Up-to-date: /home/omkar5400/adas_ws/install/perception_fusion/share/perception_fusion/environment/ament_prefix_path.sh
-- Up-to-date: /home/omkar5400/adas_ws/install/perception_fusion/share/perception_fusion/environment/ament_prefix_path.dsv
-- Up-to-date: /home/omkar5400/adas_ws/install/perception_fusion/share/perception_fusion/environment/path.sh
-- Up-to-date: /home/omkar5400/adas_ws/install/perception_fusion/share/perception_fusion/environment/path.dsv
-- Up-to-date: /home/omkar5400/adas_ws/install/perception_fusion/share/perception_fusion/local_setup.bash
-- Up-to-date: /home/omkar5400/adas_ws/install/perception_fusion/share/perception_fusion/local_setup.sh
-- Up-to-date: /home/omkar5400/adas_ws/install/perception_fusion/share/perception_fusion/local_setup.zsh
-- Up-to-date: /home/omkar5400/adas_ws/install/perception_fusion/share/perception_fusion/local_setup.dsv
-- Installing: /home/omkar5400/adas_ws/install/perception_fusion/share/perception_fusion/package.dsv
-- Up-to-date: /home/omkar5400/adas_ws/install/perception_fusion/share/ament_index/resource_index/packages/perception_fusion
-- Up-to-date: /home/omkar5400/adas_ws/install/perception_fusion/share/perception_fusion/cmake/perception_fusionConfig.cmake
-- Up-to-date: /home/omkar5400/adas_ws/install/perception_fusion/share/perception_fusion/cmake/perception_fusionConfig-version.cmake
-- Up-to-date: /home/omkar5400/adas_ws/install/perception_fusion/share/perception_fusion/package.xml
