[0.052s] DEBUG:colcon:Command line arguments: ['/usr/bin/colcon', 'build', '--packages-select', 'perception_fusion']
[0.052s] DEBUG:colcon:Parsed command line arguments: Namespace(log_base=None, log_level=None, verb_name='build', build_base='build', install_base='install', merge_install=False, symlink_install=False, test_result_base=None, continue_on_error=False, executor='parallel', parallel_workers=6, event_handlers=None, ignore_user_meta=False, metas=['./colcon.meta'], base_paths=['.'], packages_ignore=None, packages_ignore_regex=None, paths=None, packages_up_to=None, packages_up_to_regex=None, packages_above=None, packages_above_and_dependencies=None, packages_above_depth=None, packages_select_by_dep=None, packages_skip_by_dep=None, packages_skip_up_to=None, packages_select_build_failed=False, packages_skip_build_finished=False, packages_select_test_failures=False, packages_skip_test_passed=False, packages_select=['perception_fusion'], packages_skip=None, packages_select_regex=None, packages_skip_regex=None, packages_start=None, packages_end=None, allow_overriding=[], cmake_args=None, cmake_target=None, cmake_target_skip_unavailable=False, cmake_clean_cache=False, cmake_clean_first=False, cmake_force_configure=False, ament_cmake_args=None, catkin_cmake_args=None, catkin_skip_building_tests=False, verb_parser=<colcon_defaults.argument_parser.defaults.DefaultArgumentsDecorator object at 0xffff93923b50>, verb_extension=<colcon_core.verb.build.BuildVerb object at 0xffff93923700>, main=<bound method BuildVerb.main of <colcon_core.verb.build.BuildVerb object at 0xffff93923700>>)
[0.116s] Level 1:colcon.colcon_core.package_discovery:discover_packages(colcon_meta) check parameters
[0.117s] Level 1:colcon.colcon_core.package_discovery:discover_packages(recursive) check parameters
[0.117s] Level 1:colcon.colcon_core.package_discovery:discover_packages(ignore) check parameters
[0.117s] Level 1:colcon.colcon_core.package_discovery:discover_packages(path) check parameters
[0.117s] Level 1:colcon.colcon_core.package_discovery:discover_packages(colcon_meta) discover
[0.117s] Level 1:colcon.colcon_core.package_discovery:discover_packages(recursive) discover
[0.117s] INFO:colcon.colcon_core.package_discovery:Crawling recursively for packages in '/home/omkar5400/adas_ws'
[0.117s] Level 1:colcon.colcon_core.package_identification:_identify(.) by extensions ['ignore', 'ignore_ament_install']
[0.117s] Level 1:colcon.colcon_core.package_identification:_identify(.) by extension 'ignore'
[0.117s] Level 1:colcon.colcon_core.package_identification:_identify(.) by extension 'ignore_ament_install'
[0.117s] Level 1:colcon.colcon_core.package_identification:_identify(.) by extensions ['colcon_pkg']
[0.117s] Level 1:colcon.colcon_core.package_identification:_identify(.) by extension 'colcon_pkg'
[0.117s] Level 1:colcon.colcon_core.package_identification:_identify(.) by extensions ['colcon_meta']
[0.117s] Level 1:colcon.colcon_core.package_identification:_identify(.) by extension 'colcon_meta'
[0.117s] Level 1:colcon.colcon_core.package_identification:_identify(.) by extensions ['ros']
[0.117s] Level 1:colcon.colcon_core.package_identification:_identify(.) by extension 'ros'
[0.122s] Level 1:colcon.colcon_core.package_identification:_identify(.) by extensions ['cmake', 'python']
[0.122s] Level 1:colcon.colcon_core.package_identification:_identify(.) by extension 'cmake'
[0.122s] Level 1:colcon.colcon_core.package_identification:_identify(.) by extension 'python'
[0.122s] Level 1:colcon.colcon_core.package_identification:_identify(.) by extensions ['python_setup_py']
[0.122s] Level 1:colcon.colcon_core.package_identification:_identify(.) by extension 'python_setup_py'
[0.122s] Level 1:colcon.colcon_core.package_identification:_identify(build) by extensions ['ignore', 'ignore_ament_install']
[0.122s] Level 1:colcon.colcon_core.package_identification:_identify(build) by extension 'ignore'
[0.122s] Level 1:colcon.colcon_core.package_identification:_identify(build) ignored
[0.122s] Level 1:colcon.colcon_core.package_identification:_identify(install) by extensions ['ignore', 'ignore_ament_install']
[0.122s] Level 1:colcon.colcon_core.package_identification:_identify(install) by extension 'ignore'
[0.122s] Level 1:colcon.colcon_core.package_identification:_identify(install) ignored
[0.122s] Level 1:colcon.colcon_core.package_identification:_identify(log) by extensions ['ignore', 'ignore_ament_install']
[0.123s] Level 1:colcon.colcon_core.package_identification:_identify(log) by extension 'ignore'
[0.123s] Level 1:colcon.colcon_core.package_identification:_identify(log) ignored
[0.123s] Level 1:colcon.colcon_core.package_identification:_identify(src) by extensions ['ignore', 'ignore_ament_install']
[0.123s] Level 1:colcon.colcon_core.package_identification:_identify(src) by extension 'ignore'
[0.123s] Level 1:colcon.colcon_core.package_identification:_identify(src) by extension 'ignore_ament_install'
[0.123s] Level 1:colcon.colcon_core.package_identification:_identify(src) by extensions ['colcon_pkg']
[0.123s] Level 1:colcon.colcon_core.package_identification:_identify(src) by extension 'colcon_pkg'
[0.123s] Level 1:colcon.colcon_core.package_identification:_identify(src) by extensions ['colcon_meta']
[0.123s] Level 1:colcon.colcon_core.package_identification:_identify(src) by extension 'colcon_meta'
[0.123s] Level 1:colcon.colcon_core.package_identification:_identify(src) by extensions ['ros']
[0.123s] Level 1:colcon.colcon_core.package_identification:_identify(src) by extension 'ros'
[0.123s] Level 1:colcon.colcon_core.package_identification:_identify(src) by extensions ['cmake', 'python']
[0.123s] Level 1:colcon.colcon_core.package_identification:_identify(src) by extension 'cmake'
[0.123s] Level 1:colcon.colcon_core.package_identification:_identify(src) by extension 'python'
[0.123s] Level 1:colcon.colcon_core.package_identification:_identify(src) by extensions ['python_setup_py']
[0.123s] Level 1:colcon.colcon_core.package_identification:_identify(src) by extension 'python_setup_py'
[0.123s] Level 1:colcon.colcon_core.package_identification:_identify(src/perception_fusion) by extensions ['ignore', 'ignore_ament_install']
[0.123s] Level 1:colcon.colcon_core.package_identification:_identify(src/perception_fusion) by extension 'ignore'
[0.123s] Level 1:colcon.colcon_core.package_identification:_identify(src/perception_fusion) by extension 'ignore_ament_install'
[0.123s] Level 1:colcon.colcon_core.package_identification:_identify(src/perception_fusion) by extensions ['colcon_pkg']
[0.123s] Level 1:colcon.colcon_core.package_identification:_identify(src/perception_fusion) by extension 'colcon_pkg'
[0.123s] Level 1:colcon.colcon_core.package_identification:_identify(src/perception_fusion) by extensions ['colcon_meta']
[0.123s] Level 1:colcon.colcon_core.package_identification:_identify(src/perception_fusion) by extension 'colcon_meta'
[0.123s] Level 1:colcon.colcon_core.package_identification:_identify(src/perception_fusion) by extensions ['ros']
[0.123s] Level 1:colcon.colcon_core.package_identification:_identify(src/perception_fusion) by extension 'ros'
[0.124s] DEBUG:colcon.colcon_core.package_identification:Package 'src/perception_fusion' with type 'ros.ament_cmake' and name 'perception_fusion'
[0.124s] Level 1:colcon.colcon_core.package_identification:_identify(src/sensor_mock) by extensions ['ignore', 'ignore_ament_install']
[0.124s] Level 1:colcon.colcon_core.package_identification:_identify(src/sensor_mock) by extension 'ignore'
[0.124s] Level 1:colcon.colcon_core.package_identification:_identify(src/sensor_mock) by extension 'ignore_ament_install'
[0.124s] Level 1:colcon.colcon_core.package_identification:_identify(src/sensor_mock) by extensions ['colcon_pkg']
[0.124s] Level 1:colcon.colcon_core.package_identification:_identify(src/sensor_mock) by extension 'colcon_pkg'
[0.124s] Level 1:colcon.colcon_core.package_identification:_identify(src/sensor_mock) by extensions ['colcon_meta']
[0.124s] Level 1:colcon.colcon_core.package_identification:_identify(src/sensor_mock) by extension 'colcon_meta'
[0.124s] Level 1:colcon.colcon_core.package_identification:_identify(src/sensor_mock) by extensions ['ros']
[0.124s] Level 1:colcon.colcon_core.package_identification:_identify(src/sensor_mock) by extension 'ros'
[0.124s] DEBUG:colcon.colcon_core.package_identification:Package 'src/sensor_mock' with type 'ros.ament_cmake' and name 'sensor_mock'
[0.124s] Level 1:colcon.colcon_core.package_discovery:discover_packages(recursive) using defaults
[0.125s] Level 1:colcon.colcon_core.package_discovery:discover_packages(ignore) discover
[0.125s] Level 1:colcon.colcon_core.package_discovery:discover_packages(ignore) using defaults
[0.125s] Level 1:colcon.colcon_core.package_discovery:discover_packages(path) discover
[0.125s] Level 1:colcon.colcon_core.package_discovery:discover_packages(path) using defaults
[0.134s] INFO:colcon.colcon_core.package_selection:Skipping not selected package 'sensor_mock' in 'src/sensor_mock'
[0.134s] Level 1:colcon.colcon_core.package_discovery:discover_packages(prefix_path) check parameters
[0.134s] Level 1:colcon.colcon_core.package_discovery:discover_packages(prefix_path) discover
[0.135s] DEBUG:colcon.colcon_installed_package_information.package_discovery:Found 2 installed packages in /home/omkar5400/adas_ws/install
[0.135s] DEBUG:colcon.colcon_installed_package_information.package_discovery:Found 272 installed packages in /opt/ros/humble
[0.140s] Level 1:colcon.colcon_core.package_discovery:discover_packages(prefix_path) using defaults
[0.157s] Level 5:colcon.colcon_core.verb:set package 'perception_fusion' build argument 'cmake_args' from command line to 'None'
[0.157s] Level 5:colcon.colcon_core.verb:set package 'perception_fusion' build argument 'cmake_target' from command line to 'None'
[0.157s] Level 5:colcon.colcon_core.verb:set package 'perception_fusion' build argument 'cmake_target_skip_unavailable' from command line to 'False'
[0.157s] Level 5:colcon.colcon_core.verb:set package 'perception_fusion' build argument 'cmake_clean_cache' from command line to 'False'
[0.157s] Level 5:colcon.colcon_core.verb:set package 'perception_fusion' build argument 'cmake_clean_first' from command line to 'False'
[0.157s] Level 5:colcon.colcon_core.verb:set package 'perception_fusion' build argument 'cmake_force_configure' from command line to 'False'
[0.157s] Level 5:colcon.colcon_core.verb:set package 'perception_fusion' build argument 'ament_cmake_args' from command line to 'None'
[0.157s] Level 5:colcon.colcon_core.verb:set package 'perception_fusion' build argument 'catkin_cmake_args' from command line to 'None'
[0.157s] Level 5:colcon.colcon_core.verb:set package 'perception_fusion' build argument 'catkin_skip_building_tests' from command line to 'False'
[0.157s] DEBUG:colcon.colcon_core.verb:Building package 'perception_fusion' with the following arguments: {'ament_cmake_args': None, 'build_base': '/home/omkar5400/adas_ws/build/perception_fusion', 'catkin_cmake_args': None, 'catkin_skip_building_tests': False, 'cmake_args': None, 'cmake_clean_cache': False, 'cmake_clean_first': False, 'cmake_force_configure': False, 'cmake_target': None, 'cmake_target_skip_unavailable': False, 'install_base': '/home/omkar5400/adas_ws/install/perception_fusion', 'merge_install': False, 'path': '/home/omkar5400/adas_ws/src/perception_fusion', 'symlink_install': False, 'test_result_base': None}
[0.157s] INFO:colcon.colcon_core.executor:Executing jobs using 'parallel' executor
[0.158s] DEBUG:colcon.colcon_parallel_executor.executor.parallel:run_until_complete
[0.158s] INFO:colcon.colcon_ros.task.ament_cmake.build:Building ROS package in '/home/omkar5400/adas_ws/src/perception_fusion' with build type 'ament_cmake'
[0.158s] INFO:colcon.colcon_cmake.task.cmake.build:Building CMake package in '/home/omkar5400/adas_ws/src/perception_fusion'
[0.159s] INFO:colcon.colcon_core.plugin_system:Skipping extension 'colcon_core.shell.bat': Not used on non-Windows systems
[0.159s] INFO:colcon.colcon_core.shell:Skip shell extension 'powershell' for command environment: Not usable outside of PowerShell
[0.159s] DEBUG:colcon.colcon_core.shell:Skip shell extension 'dsv' for command environment
[0.165s] DEBUG:colcon.colcon_core.event_handler.log_command:Invoking command in '/home/omkar5400/adas_ws/build/perception_fusion': CMAKE_PREFIX_PATH=${CMAKE_PREFIX_PATH}:/opt/ros/humble /usr/bin/cmake --build /home/omkar5400/adas_ws/build/perception_fusion -- -j6 -l6
[3.713s] DEBUG:colcon.colcon_core.event_handler.log_command:Invoked command in '/home/omkar5400/adas_ws/build/perception_fusion' returned '0': CMAKE_PREFIX_PATH=${CMAKE_PREFIX_PATH}:/opt/ros/humble /usr/bin/cmake --build /home/omkar5400/adas_ws/build/perception_fusion -- -j6 -l6
[3.717s] DEBUG:colcon.colcon_core.event_handler.log_command:Invoking command in '/home/omkar5400/adas_ws/build/perception_fusion': CMAKE_PREFIX_PATH=${CMAKE_PREFIX_PATH}:/opt/ros/humble /usr/bin/cmake --install /home/omkar5400/adas_ws/build/perception_fusion
[3.723s] Level 1:colcon.colcon_core.environment:create_environment_scripts_only(perception_fusion)
[3.723s] DEBUG:colcon.colcon_core.event_handler.log_command:Invoked command in '/home/omkar5400/adas_ws/build/perception_fusion' returned '0': CMAKE_PREFIX_PATH=${CMAKE_PREFIX_PATH}:/opt/ros/humble /usr/bin/cmake --install /home/omkar5400/adas_ws/build/perception_fusion
[3.724s] Level 1:colcon.colcon_core.environment:checking '/home/omkar5400/adas_ws/install/perception_fusion' for CMake module files
[3.725s] Level 1:colcon.colcon_core.environment:checking '/home/omkar5400/adas_ws/install/perception_fusion' for CMake config files
[3.725s] Level 1:colcon.colcon_core.shell:create_environment_hook('perception_fusion', 'cmake_prefix_path')
[3.725s] INFO:colcon.colcon_core.shell:Creating environment hook '/home/omkar5400/adas_ws/install/perception_fusion/share/perception_fusion/hook/cmake_prefix_path.ps1'
[3.725s] INFO:colcon.colcon_core.shell:Creating environment descriptor '/home/omkar5400/adas_ws/install/perception_fusion/share/perception_fusion/hook/cmake_prefix_path.dsv'
[3.725s] INFO:colcon.colcon_core.shell:Creating environment hook '/home/omkar5400/adas_ws/install/perception_fusion/share/perception_fusion/hook/cmake_prefix_path.sh'
[3.726s] Level 1:colcon.colcon_core.environment:checking '/home/omkar5400/adas_ws/install/perception_fusion/lib'
[3.726s] Level 1:colcon.colcon_core.environment:checking '/home/omkar5400/adas_ws/install/perception_fusion/bin'
[3.726s] Level 1:colcon.colcon_core.environment:checking '/home/omkar5400/adas_ws/install/perception_fusion/lib/pkgconfig/perception_fusion.pc'
[3.726s] Level 1:colcon.colcon_core.environment:checking '/home/omkar5400/adas_ws/install/perception_fusion/lib/python3.10/site-packages'
[3.726s] Level 1:colcon.colcon_core.environment:checking '/home/omkar5400/adas_ws/install/perception_fusion/bin'
[3.726s] INFO:colcon.colcon_core.shell:Creating package script '/home/omkar5400/adas_ws/install/perception_fusion/share/perception_fusion/package.ps1'
[3.726s] INFO:colcon.colcon_core.shell:Creating package descriptor '/home/omkar5400/adas_ws/install/perception_fusion/share/perception_fusion/package.dsv'
[3.727s] INFO:colcon.colcon_core.shell:Creating package script '/home/omkar5400/adas_ws/install/perception_fusion/share/perception_fusion/package.sh'
[3.727s] INFO:colcon.colcon_core.shell:Creating package script '/home/omkar5400/adas_ws/install/perception_fusion/share/perception_fusion/package.bash'
[3.727s] INFO:colcon.colcon_core.shell:Creating package script '/home/omkar5400/adas_ws/install/perception_fusion/share/perception_fusion/package.zsh'
[3.728s] Level 1:colcon.colcon_core.environment:create_file_with_runtime_dependencies(/home/omkar5400/adas_ws/install/perception_fusion/share/colcon-core/packages/perception_fusion)
[3.728s] Level 1:colcon.colcon_core.environment:create_environment_scripts_only(perception_fusion)
[3.728s] Level 1:colcon.colcon_core.environment:checking '/home/omkar5400/adas_ws/install/perception_fusion' for CMake module files
[3.728s] Level 1:colcon.colcon_core.environment:checking '/home/omkar5400/adas_ws/install/perception_fusion' for CMake config files
[3.728s] Level 1:colcon.colcon_core.shell:create_environment_hook('perception_fusion', 'cmake_prefix_path')
[3.728s] INFO:colcon.colcon_core.shell:Creating environment hook '/home/omkar5400/adas_ws/install/perception_fusion/share/perception_fusion/hook/cmake_prefix_path.ps1'
[3.728s] INFO:colcon.colcon_core.shell:Creating environment descriptor '/home/omkar5400/adas_ws/install/perception_fusion/share/perception_fusion/hook/cmake_prefix_path.dsv'
[3.728s] INFO:colcon.colcon_core.shell:Creating environment hook '/home/omkar5400/adas_ws/install/perception_fusion/share/perception_fusion/hook/cmake_prefix_path.sh'
[3.729s] Level 1:colcon.colcon_core.environment:checking '/home/omkar5400/adas_ws/install/perception_fusion/lib'
[3.729s] Level 1:colcon.colcon_core.environment:checking '/home/omkar5400/adas_ws/install/perception_fusion/bin'
[3.729s] Level 1:colcon.colcon_core.environment:checking '/home/omkar5400/adas_ws/install/perception_fusion/lib/pkgconfig/perception_fusion.pc'
[3.729s] Level 1:colcon.colcon_core.environment:checking '/home/omkar5400/adas_ws/install/perception_fusion/lib/python3.10/site-packages'
[3.729s] Level 1:colcon.colcon_core.environment:checking '/home/omkar5400/adas_ws/install/perception_fusion/bin'
[3.729s] INFO:colcon.colcon_core.shell:Creating package script '/home/omkar5400/adas_ws/install/perception_fusion/share/perception_fusion/package.ps1'
[3.729s] INFO:colcon.colcon_core.shell:Creating package descriptor '/home/omkar5400/adas_ws/install/perception_fusion/share/perception_fusion/package.dsv'
[3.729s] INFO:colcon.colcon_core.shell:Creating package script '/home/omkar5400/adas_ws/install/perception_fusion/share/perception_fusion/package.sh'
[3.730s] INFO:colcon.colcon_core.shell:Creating package script '/home/omkar5400/adas_ws/install/perception_fusion/share/perception_fusion/package.bash'
[3.730s] INFO:colcon.colcon_core.shell:Creating package script '/home/omkar5400/adas_ws/install/perception_fusion/share/perception_fusion/package.zsh'
[3.730s] Level 1:colcon.colcon_core.environment:create_file_with_runtime_dependencies(/home/omkar5400/adas_ws/install/perception_fusion/share/colcon-core/packages/perception_fusion)
[3.730s] DEBUG:colcon.colcon_parallel_executor.executor.parallel:closing loop
[3.730s] DEBUG:colcon.colcon_parallel_executor.executor.parallel:loop closed
[3.730s] DEBUG:colcon.colcon_parallel_executor.executor.parallel:run_until_complete finished with '0'
[3.730s] DEBUG:colcon.colcon_core.event_reactor:joining thread
[3.736s] INFO:colcon.colcon_core.plugin_system:Skipping extension 'colcon_notification.desktop_notification.terminal_notifier': Not used on non-Darwin systems
[3.736s] INFO:colcon.colcon_core.plugin_system:Skipping extension 'colcon_notification.desktop_notification.win32': Not used on non-Windows systems
[3.736s] INFO:colcon.colcon_notification.desktop_notification:Sending desktop notification using 'notify2'
[3.751s] DEBUG:colcon.colcon_core.event_reactor:joined thread
[3.751s] INFO:colcon.colcon_core.shell:Creating prefix script '/home/omkar5400/adas_ws/install/local_setup.ps1'
[3.751s] INFO:colcon.colcon_core.shell:Creating prefix util module '/home/omkar5400/adas_ws/install/_local_setup_util_ps1.py'
[3.752s] INFO:colcon.colcon_core.shell:Creating prefix chain script '/home/omkar5400/adas_ws/install/setup.ps1'
[3.752s] INFO:colcon.colcon_core.shell:Creating prefix script '/home/omkar5400/adas_ws/install/local_setup.sh'
[3.753s] INFO:colcon.colcon_core.shell:Creating prefix util module '/home/omkar5400/adas_ws/install/_local_setup_util_sh.py'
[3.753s] INFO:colcon.colcon_core.shell:Creating prefix chain script '/home/omkar5400/adas_ws/install/setup.sh'
[3.753s] INFO:colcon.colcon_core.shell:Creating prefix script '/home/omkar5400/adas_ws/install/local_setup.bash'
[3.754s] INFO:colcon.colcon_core.shell:Creating prefix chain script '/home/omkar5400/adas_ws/install/setup.bash'
[3.754s] INFO:colcon.colcon_core.shell:Creating prefix script '/home/omkar5400/adas_ws/install/local_setup.zsh'
[3.754s] INFO:colcon.colcon_core.shell:Creating prefix chain script '/home/omkar5400/adas_ws/install/setup.zsh'
