[0.006s] Invoking command in '/home/omkar5400/adas_ws/build/sensor_mock': CMAKE_PREFIX_PATH=${CMAKE_PREFIX_PATH}:/opt/ros/humble /usr/bin/cmake --build /home/omkar5400/adas_ws/build/sensor_mock -- -j6 -l6
[0.039s] [100%] Built target radar_node
[0.043s] Invoked command in '/home/omkar5400/adas_ws/build/sensor_mock' returned '0': CMAKE_PREFIX_PATH=${CMAKE_PREFIX_PATH}:/opt/ros/humble /usr/bin/cmake --build /home/omkar5400/adas_ws/build/sensor_mock -- -j6 -l6
[0.048s] Invoking command in '/home/omkar5400/adas_ws/build/sensor_mock': CMAKE_PREFIX_PATH=${CMAKE_PREFIX_PATH}:/opt/ros/humble /usr/bin/cmake --install /home/omkar5400/adas_ws/build/sensor_mock
[0.050s] -- Install configuration: ""
[0.050s] -- Up-to-date: /home/omkar5400/adas_ws/install/sensor_mock/lib/sensor_mock/radar_node
[0.051s] -- Installing: /home/omkar5400/adas_ws/install/sensor_mock/lib/sensor_mock/camera_node.py
[0.051s] -- Up-to-date: /home/omkar5400/adas_ws/install/sensor_mock/share/ament_index/resource_index/package_run_dependencies/sensor_mock
[0.051s] -- Up-to-date: /home/omkar5400/adas_ws/install/sensor_mock/share/ament_index/resource_index/parent_prefix_path/sensor_mock
[0.051s] -- Up-to-date: /home/omkar5400/adas_ws/install/sensor_mock/share/sensor_mock/environment/ament_prefix_path.sh
[0.051s] -- Up-to-date: /home/omkar5400/adas_ws/install/sensor_mock/share/sensor_mock/environment/ament_prefix_path.dsv
[0.051s] -- Up-to-date: /home/omkar5400/adas_ws/install/sensor_mock/share/sensor_mock/environment/path.sh
[0.051s] -- Up-to-date: /home/omkar5400/adas_ws/install/sensor_mock/share/sensor_mock/environment/path.dsv
[0.051s] -- Up-to-date: /home/omkar5400/adas_ws/install/sensor_mock/share/sensor_mock/local_setup.bash
[0.051s] -- Up-to-date: /home/omkar5400/adas_ws/install/sensor_mock/share/sensor_mock/local_setup.sh
[0.051s] -- Up-to-date: /home/omkar5400/adas_ws/install/sensor_mock/share/sensor_mock/local_setup.zsh
[0.051s] -- Up-to-date: /home/omkar5400/adas_ws/install/sensor_mock/share/sensor_mock/local_setup.dsv
[0.051s] -- Up-to-date: /home/omkar5400/adas_ws/install/sensor_mock/share/sensor_mock/package.dsv
[0.051s] -- Up-to-date: /home/omkar5400/adas_ws/install/sensor_mock/share/ament_index/resource_index/packages/sensor_mock
[0.051s] -- Up-to-date: /home/omkar5400/adas_ws/install/sensor_mock/share/sensor_mock/cmake/sensor_mockConfig.cmake
[0.051s] -- Up-to-date: /home/omkar5400/adas_ws/install/sensor_mock/share/sensor_mock/cmake/sensor_mockConfig-version.cmake
[0.051s] -- Up-to-date: /home/omkar5400/adas_ws/install/sensor_mock/share/sensor_mock/package.xml
[0.052s] Invoked command in '/home/omkar5400/adas_ws/build/sensor_mock' returned '0': CMAKE_PREFIX_PATH=${CMAKE_PREFIX_PATH}:/opt/ros/humble /usr/bin/cmake --install /home/omkar5400/adas_ws/build/sensor_mock
