-- Found ament_cmake: 1.3.13 (/opt/ros/humble/share/ament_cmake/cmake)
-- Found rclcpp: 16.0.18 (/opt/ros/humble/share/rclcpp/cmake)
-- Found rosidl_generator_c: 3.1.8 (/opt/ros/humble/share/rosidl_generator_c/cmake)
-- Found rosidl_adapter: 3.1.8 (/opt/ros/humble/share/rosidl_adapter/cmake)
-- Found rosidl_generator_cpp: 3.1.8 (/opt/ros/humble/share/rosidl_generator_cpp/cmake)
-- Using all available rosidl_typesupport_c: rosidl_typesupport_fastrtps_c;rosidl_typesupport_introspection_c
-- Using all available rosidl_typesupport_cpp: rosidl_typesupport_fastrtps_cpp;rosidl_typesupport_introspection_cpp
-- Found rmw_implementation_cmake: 6.1.2 (/opt/ros/humble/share/rmw_implementation_cmake/cmake)
-- Found rmw_fastrtps_cpp: 6.2.10 (/opt/ros/humble/share/rmw_fastrtps_cpp/cmake)
-- Using RMW implementation 'rmw_fastrtps_cpp' as default
-- Found geometry_msgs: 4.9.1 (/opt/ros/humble/share/geometry_msgs/cmake)
-- Found ament_lint_auto: 0.12.15 (/opt/ros/humble/share/ament_lint_auto/cmake)
-- Added test 'cppcheck' to perform static code analysis on C / C++ code
-- Configured cppcheck include dirs: /home/omkar5400/adas_ws/src/perception_fusion/include
-- Configured cppcheck exclude dirs and/or files: 
-- Added test 'lint_cmake' to check CMake code style
-- Added test 'uncrustify' to check C / C++ code style
-- Configured uncrustify additional arguments: 
-- Added test 'xmllint' to check XML markup files
-- Configuring done
-- Generating done
-- Build files have been written to: /home/omkar5400/adas_ws/build/perception_fusion
[35m[1mConsolidate compiler generated dependencies of target fusion_node[0m
[ 20%] [32mBuilding CXX object CMakeFiles/decision_node.dir/src/decision_node.cpp.o[0m
[ 80%] Built target fusion_node
[100%] [32m[1mLinking CXX executable decision_node[0m
[100%] Built target decision_node
-- Install configuration: ""
-- Up-to-date: /home/omkar5400/adas_ws/install/perception_fusion/lib/perception_fusion/fusion_node
-- Installing: /home/omkar5400/adas_ws/install/perception_fusion/lib/perception_fusion/decision_node
-- Set runtime path of "/home/omkar5400/adas_ws/install/perception_fusion/lib/perception_fusion/decision_node" to ""
-- Up-to-date: /home/omkar5400/adas_ws/install/perception_fusion/share/ament_index/resource_index/package_run_dependencies/perception_fusion
-- Installing: /home/omkar5400/adas_ws/install/perception_fusion/share/ament_index/resource_index/parent_prefix_path/perception_fusion
-- Up-to-date: /home/omkar5400/adas_ws/install/perception_fusion/share/perception_fusion/environment/ament_prefix_path.sh
-- Installing: /home/omkar5400/adas_ws/install/perception_fusion/share/perception_fusion/environment/ament_prefix_path.dsv
-- Up-to-date: /home/omkar5400/adas_ws/install/perception_fusion/share/perception_fusion/environment/path.sh
-- Installing: /home/omkar5400/adas_ws/install/perception_fusion/share/perception_fusion/environment/path.dsv
-- Up-to-date: /home/omkar5400/adas_ws/install/perception_fusion/share/perception_fusion/local_setup.bash
-- Up-to-date: /home/omkar5400/adas_ws/install/perception_fusion/share/perception_fusion/local_setup.sh
-- Up-to-date: /home/omkar5400/adas_ws/install/perception_fusion/share/perception_fusion/local_setup.zsh
-- Installing: /home/omkar5400/adas_ws/install/perception_fusion/share/perception_fusion/local_setup.dsv
-- Installing: /home/omkar5400/adas_ws/install/perception_fusion/share/perception_fusion/package.dsv
-- Up-to-date: /home/omkar5400/adas_ws/install/perception_fusion/share/ament_index/resource_index/packages/perception_fusion
-- Up-to-date: /home/omkar5400/adas_ws/install/perception_fusion/share/perception_fusion/cmake/perception_fusionConfig.cmake
-- Up-to-date: /home/omkar5400/adas_ws/install/perception_fusion/share/perception_fusion/cmake/perception_fusionConfig-version.cmake
-- Up-to-date: /home/omkar5400/adas_ws/install/perception_fusion/share/perception_fusion/package.xml
