[0.006s] Invoking command in '/home/omkar5400/adas_ws/build/perception_fusion': CMAKE_PREFIX_PATH=${CMAKE_PREFIX_PATH}:/opt/ros/humble /usr/bin/cmake --build /home/omkar5400/adas_ws/build/perception_fusion -- -j6 -l6
[0.026s] -- Found ament_cmake: 1.3.13 (/opt/ros/humble/share/ament_cmake/cmake)
[0.087s] -- Found rclcpp: 16.0.18 (/opt/ros/humble/share/rclcpp/cmake)
[0.100s] -- Found rosidl_generator_c: 3.1.8 (/opt/ros/humble/share/rosidl_generator_c/cmake)
[0.101s] -- Found rosidl_adapter: 3.1.8 (/opt/ros/humble/share/rosidl_adapter/cmake)
[0.104s] -- Found rosidl_generator_cpp: 3.1.8 (/opt/ros/humble/share/rosidl_generator_cpp/cmake)
[0.108s] -- Using all available rosidl_typesupport_c: rosidl_typesupport_fastrtps_c;rosidl_typesupport_introspection_c
[0.113s] -- Using all available rosidl_typesupport_cpp: rosidl_typesupport_fastrtps_cpp;rosidl_typesupport_introspection_cpp
[0.126s] -- Found rmw_implementation_cmake: 6.1.2 (/opt/ros/humble/share/rmw_implementation_cmake/cmake)
[0.127s] -- Found rmw_fastrtps_cpp: 6.2.10 (/opt/ros/humble/share/rmw_fastrtps_cpp/cmake)
[0.173s] -- Using RMW implementation 'rmw_fastrtps_cpp' as default
[0.195s] -- Found geometry_msgs: 4.9.1 (/opt/ros/humble/share/geometry_msgs/cmake)
[0.201s] -- Found ament_lint_auto: 0.12.15 (/opt/ros/humble/share/ament_lint_auto/cmake)
[0.246s] -- Added test 'cppcheck' to perform static code analysis on C / C++ code
[0.246s] -- Configured cppcheck include dirs: /home/omkar5400/adas_ws/src/perception_fusion/include
[0.246s] -- Configured cppcheck exclude dirs and/or files: 
[0.246s] -- Added test 'lint_cmake' to check CMake code style
[0.246s] -- Added test 'uncrustify' to check C / C++ code style
[0.246s] -- Configured uncrustify additional arguments: 
[0.247s] -- Added test 'xmllint' to check XML markup files
[0.247s] -- Configuring done
[0.256s] -- Generating done
[0.259s] -- Build files have been written to: /home/omkar5400/adas_ws/build/perception_fusion
[0.272s] [35m[1mConsolidate compiler generated dependencies of target fusion_node[0m
[0.276s] [ 20%] [32mBuilding CXX object CMakeFiles/decision_node.dir/src/decision_node.cpp.o[0m
[0.282s] [ 80%] Built target fusion_node
[3.565s] [100%] [32m[1mLinking CXX executable decision_node[0m
[3.746s] [100%] Built target decision_node
[3.750s] Invoked command in '/home/omkar5400/adas_ws/build/perception_fusion' returned '0': CMAKE_PREFIX_PATH=${CMAKE_PREFIX_PATH}:/opt/ros/humble /usr/bin/cmake --build /home/omkar5400/adas_ws/build/perception_fusion -- -j6 -l6
[3.754s] Invoking command in '/home/omkar5400/adas_ws/build/perception_fusion': CMAKE_PREFIX_PATH=${CMAKE_PREFIX_PATH}:/opt/ros/humble /usr/bin/cmake --install /home/omkar5400/adas_ws/build/perception_fusion
[3.756s] -- Install configuration: ""
[3.756s] -- Up-to-date: /home/omkar5400/adas_ws/install/perception_fusion/lib/perception_fusion/fusion_node
[3.756s] -- Installing: /home/omkar5400/adas_ws/install/perception_fusion/lib/perception_fusion/decision_node
[3.758s] -- Set runtime path of "/home/omkar5400/adas_ws/install/perception_fusion/lib/perception_fusion/decision_node" to ""
[3.758s] -- Up-to-date: /home/omkar5400/adas_ws/install/perception_fusion/share/ament_index/resource_index/package_run_dependencies/perception_fusion
[3.758s] -- Installing: /home/omkar5400/adas_ws/install/perception_fusion/share/ament_index/resource_index/parent_prefix_path/perception_fusion
[3.758s] -- Up-to-date: /home/omkar5400/adas_ws/install/perception_fusion/share/perception_fusion/environment/ament_prefix_path.sh
[3.758s] -- Installing: /home/omkar5400/adas_ws/install/perception_fusion/share/perception_fusion/environment/ament_prefix_path.dsv
[3.758s] -- Up-to-date: /home/omkar5400/adas_ws/install/perception_fusion/share/perception_fusion/environment/path.sh
[3.758s] -- Installing: /home/omkar5400/adas_ws/install/perception_fusion/share/perception_fusion/environment/path.dsv
[3.758s] -- Up-to-date: /home/omkar5400/adas_ws/install/perception_fusion/share/perception_fusion/local_setup.bash
[3.758s] -- Up-to-date: /home/omkar5400/adas_ws/install/perception_fusion/share/perception_fusion/local_setup.sh
[3.758s] -- Up-to-date: /home/omkar5400/adas_ws/install/perception_fusion/share/perception_fusion/local_setup.zsh
[3.758s] -- Installing: /home/omkar5400/adas_ws/install/perception_fusion/share/perception_fusion/local_setup.dsv
[3.758s] -- Installing: /home/omkar5400/adas_ws/install/perception_fusion/share/perception_fusion/package.dsv
[3.758s] -- Up-to-date: /home/omkar5400/adas_ws/install/perception_fusion/share/ament_index/resource_index/packages/perception_fusion
[3.758s] -- Up-to-date: /home/omkar5400/adas_ws/install/perception_fusion/share/perception_fusion/cmake/perception_fusionConfig.cmake
[3.758s] -- Up-to-date: /home/omkar5400/adas_ws/install/perception_fusion/share/perception_fusion/cmake/perception_fusionConfig-version.cmake
[3.758s] -- Up-to-date: /home/omkar5400/adas_ws/install/perception_fusion/share/perception_fusion/package.xml
[3.759s] Invoked command in '/home/omkar5400/adas_ws/build/perception_fusion' returned '0': CMAKE_PREFIX_PATH=${CMAKE_PREFIX_PATH}:/opt/ros/humble /usr/bin/cmake --install /home/omkar5400/adas_ws/build/perception_fusion
