[0.005s] Invoking command in '/home/omkar5400/adas_ws/build/perception_fusion': CMAKE_PREFIX_PATH=/opt/ros/humble /usr/bin/cmake /home/omkar5400/adas_ws/src/perception_fusion -DCMAKE_INSTALL_PREFIX=/home/omkar5400/adas_ws/install/perception_fusion
[0.039s] -- The C compiler identification is GNU 11.4.0
[0.064s] -- The CXX compiler identification is GNU 11.4.0
[0.067s] -- Detecting C compiler ABI info
[0.097s] -- Detecting C compiler ABI info - done
[0.100s] -- Check for working C compiler: /usr/bin/cc - skipped
[0.100s] -- Detecting C compile features
[0.101s] -- Detecting C compile features - done
[0.102s] -- Detecting CXX compiler ABI info
[0.135s] -- Detecting CXX compiler ABI info - done
[0.139s] -- Check for working CXX compiler: /usr/bin/c++ - skipped
[0.139s] -- Detecting CXX compile features
[0.139s] -- Detecting CXX compile features - done
[0.140s] -- Found ament_cmake: 1.3.13 (/opt/ros/humble/share/ament_cmake/cmake)
[0.200s] -- Found Python3: /usr/bin/python3 (found version "3.10.12") found components: Interpreter 
[0.235s] -- Found rclcpp: 16.0.18 (/opt/ros/humble/share/rclcpp/cmake)
[0.251s] -- Found rosidl_generator_c: 3.1.8 (/opt/ros/humble/share/rosidl_generator_c/cmake)
[0.253s] -- Found rosidl_adapter: 3.1.8 (/opt/ros/humble/share/rosidl_adapter/cmake)
[0.256s] -- Found rosidl_generator_cpp: 3.1.8 (/opt/ros/humble/share/rosidl_generator_cpp/cmake)
[0.260s] -- Using all available rosidl_typesupport_c: rosidl_typesupport_fastrtps_c;rosidl_typesupport_introspection_c
[0.267s] -- Using all available rosidl_typesupport_cpp: rosidl_typesupport_fastrtps_cpp;rosidl_typesupport_introspection_cpp
[0.285s] -- Found rmw_implementation_cmake: 6.1.2 (/opt/ros/humble/share/rmw_implementation_cmake/cmake)
[0.286s] -- Found rmw_fastrtps_cpp: 6.2.10 (/opt/ros/humble/share/rmw_fastrtps_cpp/cmake)
[0.317s] -- Found OpenSSL: /usr/lib/aarch64-linux-gnu/libcrypto.so (found version "3.0.2")  
[0.329s] -- Found FastRTPS: /opt/ros/humble/include  
[0.347s] -- Using RMW implementation 'rmw_fastrtps_cpp' as default
[0.350s] -- Looking for pthread.h
[0.379s] -- Looking for pthread.h - found
[0.379s] -- Performing Test CMAKE_HAVE_LIBC_PTHREAD
[0.407s] -- Performing Test CMAKE_HAVE_LIBC_PTHREAD - Success
[0.408s] -- Found Threads: TRUE  
[0.432s] -- Found geometry_msgs: 4.9.1 (/opt/ros/humble/share/geometry_msgs/cmake)
[0.438s] -- Found ament_lint_auto: 0.12.15 (/opt/ros/humble/share/ament_lint_auto/cmake)
[0.475s] -- Added test 'cppcheck' to perform static code analysis on C / C++ code
[0.475s] -- Configured cppcheck include dirs: /home/omkar5400/adas_ws/src/perception_fusion/include
[0.475s] -- Configured cppcheck exclude dirs and/or files: 
[0.475s] -- Added test 'lint_cmake' to check CMake code style
[0.475s] -- Added test 'uncrustify' to check C / C++ code style
[0.475s] -- Configured uncrustify additional arguments: 
[0.475s] -- Added test 'xmllint' to check XML markup files
[0.476s] -- Configuring done
[0.480s] -- Generating done
[0.482s] -- Build files have been written to: /home/omkar5400/adas_ws/build/perception_fusion
[0.487s] Invoked command in '/home/omkar5400/adas_ws/build/perception_fusion' returned '0': CMAKE_PREFIX_PATH=/opt/ros/humble /usr/bin/cmake /home/omkar5400/adas_ws/src/perception_fusion -DCMAKE_INSTALL_PREFIX=/home/omkar5400/adas_ws/install/perception_fusion
[0.487s] Invoking command in '/home/omkar5400/adas_ws/build/perception_fusion': CMAKE_PREFIX_PATH=/opt/ros/humble /usr/bin/cmake --build /home/omkar5400/adas_ws/build/perception_fusion -- -j6 -l6
[0.507s] [ 33%] [32mBuilding CXX object CMakeFiles/fusion_node.dir/src/fusion_node.cpp.o[0m
[0.507s] [ 66%] [32mBuilding CXX object CMakeFiles/fusion_node.dir/src/kalman_filter.cpp.o[0m
[4.745s] [100%] [32m[1mLinking CXX executable fusion_node[0m
[4.991s] [100%] Built target fusion_node
[4.996s] Invoked command in '/home/omkar5400/adas_ws/build/perception_fusion' returned '0': CMAKE_PREFIX_PATH=/opt/ros/humble /usr/bin/cmake --build /home/omkar5400/adas_ws/build/perception_fusion -- -j6 -l6
[4.999s] Invoking command in '/home/omkar5400/adas_ws/build/perception_fusion': CMAKE_PREFIX_PATH=/opt/ros/humble /usr/bin/cmake --install /home/omkar5400/adas_ws/build/perception_fusion
[5.001s] -- Install configuration: ""
[5.001s] -- Installing: /home/omkar5400/adas_ws/install/perception_fusion/lib/perception_fusion/fusion_node
[5.006s] -- Set runtime path of "/home/omkar5400/adas_ws/install/perception_fusion/lib/perception_fusion/fusion_node" to ""
[5.006s] -- Installing: /home/omkar5400/adas_ws/install/perception_fusion/share/ament_index/resource_index/package_run_dependencies/perception_fusion
[5.006s] -- Installing: /home/omkar5400/adas_ws/install/perception_fusion/share/ament_index/resource_index/parent_prefix_path/perception_fusion
[5.006s] -- Installing: /home/omkar5400/adas_ws/install/perception_fusion/share/perception_fusion/environment/ament_prefix_path.sh
[5.006s] -- Installing: /home/omkar5400/adas_ws/install/perception_fusion/share/perception_fusion/environment/ament_prefix_path.dsv
[5.006s] -- Installing: /home/omkar5400/adas_ws/install/perception_fusion/share/perception_fusion/environment/path.sh
[5.006s] -- Installing: /home/omkar5400/adas_ws/install/perception_fusion/share/perception_fusion/environment/path.dsv
[5.006s] -- Installing: /home/omkar5400/adas_ws/install/perception_fusion/share/perception_fusion/local_setup.bash
[5.006s] -- Installing: /home/omkar5400/adas_ws/install/perception_fusion/share/perception_fusion/local_setup.sh
[5.007s] -- Installing: /home/omkar5400/adas_ws/install/perception_fusion/share/perception_fusion/local_setup.zsh
[5.007s] -- Installing: /home/omkar5400/adas_ws/install/perception_fusion/share/perception_fusion/local_setup.dsv
[5.007s] -- Installing: /home/omkar5400/adas_ws/install/perception_fusion/share/perception_fusion/package.dsv
[5.007s] -- Installing: /home/omkar5400/adas_ws/install/perception_fusion/share/ament_index/resource_index/packages/perception_fusion
[5.007s] -- Installing: /home/omkar5400/adas_ws/install/perception_fusion/share/perception_fusion/cmake/perception_fusionConfig.cmake
[5.007s] -- Installing: /home/omkar5400/adas_ws/install/perception_fusion/share/perception_fusion/cmake/perception_fusionConfig-version.cmake
[5.007s] -- Installing: /home/omkar5400/adas_ws/install/perception_fusion/share/perception_fusion/package.xml
[5.008s] Invoked command in '/home/omkar5400/adas_ws/build/perception_fusion' returned '0': CMAKE_PREFIX_PATH=/opt/ros/humble /usr/bin/cmake --install /home/omkar5400/adas_ws/build/perception_fusion
