[0.004s] Invoking command in '/home/omkar5400/adas_ws/build/sensor_mock': CMAKE_PREFIX_PATH=/opt/ros/humble /usr/bin/cmake /home/omkar5400/adas_ws/src/sensor_mock -DCMAKE_INSTALL_PREFIX=/home/omkar5400/adas_ws/install/sensor_mock
[0.037s] -- The C compiler identification is GNU 11.4.0
[0.064s] -- The CXX compiler identification is GNU 11.4.0
[0.067s] -- Detecting C compiler ABI info
[0.093s] -- Detecting C compiler ABI info - done
[0.096s] -- Check for working C compiler: /usr/bin/cc - skipped
[0.096s] -- Detecting C compile features
[0.097s] -- Detecting C compile features - done
[0.098s] -- Detecting CXX compiler ABI info
[0.130s] -- Detecting CXX compiler ABI info - done
[0.132s] -- Check for working CXX compiler: /usr/bin/c++ - skipped
[0.132s] -- Detecting CXX compile features
[0.133s] -- Detecting CXX compile features - done
[0.134s] -- Found ament_cmake: 1.3.13 (/opt/ros/humble/share/ament_cmake/cmake)
[0.191s] -- Found Python3: /usr/bin/python3 (found version "3.10.12") found components: Interpreter 
[0.225s] -- Found rclcpp: 16.0.18 (/opt/ros/humble/share/rclcpp/cmake)
[0.243s] -- Found rosidl_generator_c: 3.1.8 (/opt/ros/humble/share/rosidl_generator_c/cmake)
[0.245s] -- Found rosidl_adapter: 3.1.8 (/opt/ros/humble/share/rosidl_adapter/cmake)
[0.248s] -- Found rosidl_generator_cpp: 3.1.8 (/opt/ros/humble/share/rosidl_generator_cpp/cmake)
[0.253s] -- Using all available rosidl_typesupport_c: rosidl_typesupport_fastrtps_c;rosidl_typesupport_introspection_c
[0.259s] -- Using all available rosidl_typesupport_cpp: rosidl_typesupport_fastrtps_cpp;rosidl_typesupport_introspection_cpp
[0.275s] -- Found rmw_implementation_cmake: 6.1.2 (/opt/ros/humble/share/rmw_implementation_cmake/cmake)
[0.276s] -- Found rmw_fastrtps_cpp: 6.2.10 (/opt/ros/humble/share/rmw_fastrtps_cpp/cmake)
[0.306s] -- Found OpenSSL: /usr/lib/aarch64-linux-gnu/libcrypto.so (found version "3.0.2")  
[0.318s] -- Found FastRTPS: /opt/ros/humble/include  
[0.338s] -- Using RMW implementation 'rmw_fastrtps_cpp' as default
[0.341s] -- Looking for pthread.h
[0.369s] -- Looking for pthread.h - found
[0.369s] -- Performing Test CMAKE_HAVE_LIBC_PTHREAD
[0.397s] -- Performing Test CMAKE_HAVE_LIBC_PTHREAD - Success
[0.397s] -- Found Threads: TRUE  
[0.420s] -- Found geometry_msgs: 4.9.1 (/opt/ros/humble/share/geometry_msgs/cmake)
[0.427s] -- Found ament_lint_auto: 0.12.15 (/opt/ros/humble/share/ament_lint_auto/cmake)
[0.458s] -- Added test 'cppcheck' to perform static code analysis on C / C++ code
[0.458s] -- Configured cppcheck include dirs: 
[0.458s] -- Configured cppcheck exclude dirs and/or files: 
[0.458s] -- Added test 'lint_cmake' to check CMake code style
[0.458s] -- Added test 'uncrustify' to check C / C++ code style
[0.458s] -- Configured uncrustify additional arguments: 
[0.458s] -- Added test 'xmllint' to check XML markup files
[0.459s] -- Configuring done
[0.463s] -- Generating done
[0.464s] -- Build files have been written to: /home/omkar5400/adas_ws/build/sensor_mock
[0.468s] Invoked command in '/home/omkar5400/adas_ws/build/sensor_mock' returned '0': CMAKE_PREFIX_PATH=/opt/ros/humble /usr/bin/cmake /home/omkar5400/adas_ws/src/sensor_mock -DCMAKE_INSTALL_PREFIX=/home/omkar5400/adas_ws/install/sensor_mock
[0.469s] Invoking command in '/home/omkar5400/adas_ws/build/sensor_mock': CMAKE_PREFIX_PATH=/opt/ros/humble /usr/bin/cmake --build /home/omkar5400/adas_ws/build/sensor_mock -- -j6 -l6
[0.484s] [ 50%] [32mBuilding CXX object CMakeFiles/radar_node.dir/src/radar_node.cpp.o[0m
[2.290s] [100%] [32m[1mLinking CXX executable radar_node[0m
[2.386s] [100%] Built target radar_node
[2.390s] Invoked command in '/home/omkar5400/adas_ws/build/sensor_mock' returned '0': CMAKE_PREFIX_PATH=/opt/ros/humble /usr/bin/cmake --build /home/omkar5400/adas_ws/build/sensor_mock -- -j6 -l6
[2.393s] Invoking command in '/home/omkar5400/adas_ws/build/sensor_mock': CMAKE_PREFIX_PATH=/opt/ros/humble /usr/bin/cmake --install /home/omkar5400/adas_ws/build/sensor_mock
[2.396s] -- Install configuration: ""
[2.396s] -- Installing: /home/omkar5400/adas_ws/install/sensor_mock/lib/sensor_mock/radar_node
[2.396s] -- Set runtime path of "/home/omkar5400/adas_ws/install/sensor_mock/lib/sensor_mock/radar_node" to ""
[2.396s] -- Installing: /home/omkar5400/adas_ws/install/sensor_mock/share/ament_index/resource_index/package_run_dependencies/sensor_mock
[2.396s] -- Installing: /home/omkar5400/adas_ws/install/sensor_mock/share/ament_index/resource_index/parent_prefix_path/sensor_mock
[2.397s] -- Installing: /home/omkar5400/adas_ws/install/sensor_mock/share/sensor_mock/environment/ament_prefix_path.sh
[2.397s] -- Installing: /home/omkar5400/adas_ws/install/sensor_mock/share/sensor_mock/environment/ament_prefix_path.dsv
[2.397s] -- Installing: /home/omkar5400/adas_ws/install/sensor_mock/share/sensor_mock/environment/path.sh
[2.397s] -- Installing: /home/omkar5400/adas_ws/install/sensor_mock/share/sensor_mock/environment/path.dsv
[2.397s] -- Installing: /home/omkar5400/adas_ws/install/sensor_mock/share/sensor_mock/local_setup.bash
[2.397s] -- Installing: /home/omkar5400/adas_ws/install/sensor_mock/share/sensor_mock/local_setup.sh
[2.397s] -- Installing: /home/omkar5400/adas_ws/install/sensor_mock/share/sensor_mock/local_setup.zsh
[2.397s] -- Installing: /home/omkar5400/adas_ws/install/sensor_mock/share/sensor_mock/local_setup.dsv
[2.397s] -- Installing: /home/omkar5400/adas_ws/install/sensor_mock/share/sensor_mock/package.dsv
[2.397s] -- Installing: /home/omkar5400/adas_ws/install/sensor_mock/share/ament_index/resource_index/packages/sensor_mock
[2.397s] -- Installing: /home/omkar5400/adas_ws/install/sensor_mock/share/sensor_mock/cmake/sensor_mockConfig.cmake
[2.397s] -- Installing: /home/omkar5400/adas_ws/install/sensor_mock/share/sensor_mock/cmake/sensor_mockConfig-version.cmake
[2.398s] -- Installing: /home/omkar5400/adas_ws/install/sensor_mock/share/sensor_mock/package.xml
[2.398s] Invoked command in '/home/omkar5400/adas_ws/build/sensor_mock' returned '0': CMAKE_PREFIX_PATH=/opt/ros/humble /usr/bin/cmake --install /home/omkar5400/adas_ws/build/sensor_mock
