[0.006s] Invoking command in '/home/omkar5400/adas_ws/build/sensor_mock': CMAKE_PREFIX_PATH=${CMAKE_PREFIX_PATH}:/opt/ros/humble /usr/bin/cmake --build /home/omkar5400/adas_ws/build/sensor_mock -- -j6 -l6
[0.020s] -- Found ament_cmake: 1.3.13 (/opt/ros/humble/share/ament_cmake/cmake)
[0.085s] -- Found rclcpp: 16.0.18 (/opt/ros/humble/share/rclcpp/cmake)
[0.097s] -- Found rosidl_generator_c: 3.1.8 (/opt/ros/humble/share/rosidl_generator_c/cmake)
[0.098s] -- Found rosidl_adapter: 3.1.8 (/opt/ros/humble/share/rosidl_adapter/cmake)
[0.101s] -- Found rosidl_generator_cpp: 3.1.8 (/opt/ros/humble/share/rosidl_generator_cpp/cmake)
[0.105s] -- Using all available rosidl_typesupport_c: rosidl_typesupport_fastrtps_c;rosidl_typesupport_introspection_c
[0.111s] -- Using all available rosidl_typesupport_cpp: rosidl_typesupport_fastrtps_cpp;rosidl_typesupport_introspection_cpp
[0.124s] -- Found rmw_implementation_cmake: 6.1.2 (/opt/ros/humble/share/rmw_implementation_cmake/cmake)
[0.127s] -- Found rmw_fastrtps_cpp: 6.2.10 (/opt/ros/humble/share/rmw_fastrtps_cpp/cmake)
[0.169s] -- Using RMW implementation 'rmw_fastrtps_cpp' as default
[0.193s] -- Found geometry_msgs: 4.9.1 (/opt/ros/humble/share/geometry_msgs/cmake)
[0.199s] -- Found ament_lint_auto: 0.12.15 (/opt/ros/humble/share/ament_lint_auto/cmake)
[0.229s] -- Added test 'cppcheck' to perform static code analysis on C / C++ code
[0.229s] -- Configured cppcheck include dirs: 
[0.229s] -- Configured cppcheck exclude dirs and/or files: 
[0.230s] -- Added test 'flake8' to check Python code syntax and style conventions
[0.230s] -- Added test 'lint_cmake' to check CMake code style
[0.230s] -- Added test 'pep257' to check Python code against some of the docstring style conventions in PEP 257
[0.230s] -- Added test 'uncrustify' to check C / C++ code style
[0.230s] -- Configured uncrustify additional arguments: 
[0.230s] -- Added test 'xmllint' to check XML markup files
[0.231s] -- Configuring done
[0.235s] -- Generating done
[0.237s] -- Build files have been written to: /home/omkar5400/adas_ws/build/sensor_mock
[0.247s] [35m[1mConsolidate compiler generated dependencies of target radar_node[0m
[0.254s] [100%] Built target radar_node
[0.258s] Invoked command in '/home/omkar5400/adas_ws/build/sensor_mock' returned '0': CMAKE_PREFIX_PATH=${CMAKE_PREFIX_PATH}:/opt/ros/humble /usr/bin/cmake --build /home/omkar5400/adas_ws/build/sensor_mock -- -j6 -l6
[0.261s] Invoking command in '/home/omkar5400/adas_ws/build/sensor_mock': CMAKE_PREFIX_PATH=${CMAKE_PREFIX_PATH}:/opt/ros/humble /usr/bin/cmake --install /home/omkar5400/adas_ws/build/sensor_mock
[0.263s] -- Install configuration: ""
[0.263s] -- Up-to-date: /home/omkar5400/adas_ws/install/sensor_mock/lib/sensor_mock/radar_node
[0.264s] -- Installing: /home/omkar5400/adas_ws/install/sensor_mock/lib/sensor_mock/camera_node.py
[0.264s] -- Up-to-date: /home/omkar5400/adas_ws/install/sensor_mock/share/ament_index/resource_index/package_run_dependencies/sensor_mock
[0.264s] -- Installing: /home/omkar5400/adas_ws/install/sensor_mock/share/ament_index/resource_index/parent_prefix_path/sensor_mock
[0.264s] -- Up-to-date: /home/omkar5400/adas_ws/install/sensor_mock/share/sensor_mock/environment/ament_prefix_path.sh
[0.264s] -- Installing: /home/omkar5400/adas_ws/install/sensor_mock/share/sensor_mock/environment/ament_prefix_path.dsv
[0.264s] -- Up-to-date: /home/omkar5400/adas_ws/install/sensor_mock/share/sensor_mock/environment/path.sh
[0.264s] -- Installing: /home/omkar5400/adas_ws/install/sensor_mock/share/sensor_mock/environment/path.dsv
[0.264s] -- Up-to-date: /home/omkar5400/adas_ws/install/sensor_mock/share/sensor_mock/local_setup.bash
[0.264s] -- Up-to-date: /home/omkar5400/adas_ws/install/sensor_mock/share/sensor_mock/local_setup.sh
[0.264s] -- Up-to-date: /home/omkar5400/adas_ws/install/sensor_mock/share/sensor_mock/local_setup.zsh
[0.264s] -- Installing: /home/omkar5400/adas_ws/install/sensor_mock/share/sensor_mock/local_setup.dsv
[0.264s] -- Installing: /home/omkar5400/adas_ws/install/sensor_mock/share/sensor_mock/package.dsv
[0.264s] -- Up-to-date: /home/omkar5400/adas_ws/install/sensor_mock/share/ament_index/resource_index/packages/sensor_mock
[0.264s] -- Up-to-date: /home/omkar5400/adas_ws/install/sensor_mock/share/sensor_mock/cmake/sensor_mockConfig.cmake
[0.264s] -- Up-to-date: /home/omkar5400/adas_ws/install/sensor_mock/share/sensor_mock/cmake/sensor_mockConfig-version.cmake
[0.264s] -- Up-to-date: /home/omkar5400/adas_ws/install/sensor_mock/share/sensor_mock/package.xml
[0.265s] Invoked command in '/home/omkar5400/adas_ws/build/sensor_mock' returned '0': CMAKE_PREFIX_PATH=${CMAKE_PREFIX_PATH}:/opt/ros/humble /usr/bin/cmake --install /home/omkar5400/adas_ws/build/sensor_mock
